2022-02-03 14:03:28 - Starting Nest application...
2022-02-03 14:03:28 - AppModule dependencies initialized
2022-02-03 14:03:28 - BackendConnectionModule dependencies initialized
2022-02-03 14:03:28 - Nest microservice successfully started
2022-02-03 14:03:28 - Microservice is listening
2022-02-03 14:18:28 - Starting Nest application...
2022-02-03 14:18:28 - AppModule dependencies initialized
2022-02-03 14:18:28 - BackendConnectionModule dependencies initialized
2022-02-03 14:18:28 - Nest microservice successfully started
2022-02-03 14:18:28 - Microservice is listening
2022-02-03 14:19:25 - Starting Nest application...
2022-02-03 14:19:25 - AppModule dependencies initialized
2022-02-03 14:19:25 - BackendConnectionModule dependencies initialized
2022-02-03 14:19:25 - Nest microservice successfully started
2022-02-03 14:19:25 - Microservice is listening
2022-02-03 14:21:12 - Starting Nest application...
2022-02-03 14:21:12 - AppModule dependencies initialized
2022-02-03 14:21:12 - BackendConnectionModule dependencies initialized
2022-02-03 14:21:12 - Nest microservice successfully started
2022-02-03 14:21:12 - Microservice is listening
